2025-06-17 14:12:29 [INFO] - Creating project at /home/hippolyte/PRE/mil...
2025-06-17 14:15:03 [INFO] - Wrote annotations file to [green]/home/hippolyte/PRE/mil/annotations.csv
2025-06-17 14:15:03 [DEBUG] - Verifying slide annotations...
2025-06-17 14:15:03 [DEBUG] - Verifying tfrecords...
2025-06-17 14:15:03 [DEBUG] - Verifying slide annotations...
2025-06-17 14:15:03 [DEBUG] - Verifying tfrecords...
2025-06-17 14:15:03 [INFO] - Training FastAI MIL model with config:
2025-06-17 14:15:03 [INFO] - TrainerConfig(
  lr=0.01
  wd=1e-05
  bag_size=512
  max_val_bag_size=None
  fit_one_cycle=True
  epochs=2
  batch_size=4
  drop_last=True
  save_monitor='c_index'
  weighted_loss=True
  mixed_bags=True
  reconstruction_weight=None
  slide_mapping={'1': 0, '2': 1, '3': 2, '4': 3, '5': 4, '6': 5, '7': 6, '8': 7, '9': 8, '10': 9, '11': 10, '12': 11, '13': 12, '14': 13, '15': 14, '16': 15, '17': 16, '18': 17, '19': 18, '20': 19, '21': 20, '22': 21, '23': 22, '24': 23, '25': 24, '26': 25, '27': 26, '28': 27, '29': 28, '30': 29, '31': 30, '32': 31, '33': 32, '34': 33, '35': 34, '36': 35, '37': 36, '38': 37, '39': 38, '40': 39, '41': 40, '42': 41, '43': 42, '44': 43, '45': 44, '46': 45, '47': 46, '48': 47, '49': 48, '50': 49, '51': 50, '52': 51, '53': 52, '54': 53, '55': 54, '56': 55, '57': 56, '58': 57, '59': 58, '60': 59, '61': 60, '62': 61, '63': 62, '64': 63, '65': 64, '66': 65, '67': 66, '68': 67, '69': 68, '70': 69, '71': 70, '72': 71, '73': 72, '74': 73, '75': 74, '76': 75, '77': 76, '78': 77, '79': 78, '80': 79, '81': 80, '82': 81, '83': 82, '84': 83, '85': 84, '86': 85, '87': 86, '88': 87, '89': 88, '90': 89, '91': 90, '92': 91, '93': 92, '94': 93, '95': 94, '96': 95, '97': 96, '98': 97, '99': 98, '100': 99, '101': 100, '102': 101, '103': 102, '104': 103, '105': 104, '106': 105, '107': 106, '108': 107, '109': 108, '110': 109, '111': 110, '112': 111, '113': 112, '114': 113, '115': 114, '116': 115, '117': 116, '118': 117, '119': 118, '120': 119, '121': 120, '122': 121, '123': 122, '124': 123, '125': 124, '126': 125, '127': 126, '128': 127, '129': 128, '130': 129, '131': 130, '132': 131, '133': 132, '134': 133, '135': 134, '136': 135, '137': 136, '138': 137, '139': 138, '140': 139, '141': 140, '142': 141, '143': 142, '144': 143, '145': 144, '146': 145, '147': 146, '148': 147, '149': 148, '150': 149, '151': 150, '152': 151, '153': 152, '154': 153, '155': 154, '156': 155, '157': 156, '158': 157, '159': 158, '160': 159, '161': 160, '162': 161, '163': 162, '164': 163, '165': 164, '166': 165, '167': 166, '168': 167, '169': 168, '170': 169, '171': 170, '172': 171, '173': 172, '174': 173, '175': 174, '176': 175, '177': 176, '178': 177, '179': 178, '180': 179, '181': 180, '182': 181, '183': 182, '184': 183, '185': 184, '186': 185, '187': 186, '188': 187, '189': 188, '190': 189, '191': 190, '192': 191, '193': 192, '194': 193, '195': 194, '196': 195, '197': 196, '198': 197, '199': 198, '200': 199, '201': 200, '202': 201, '203': 202, '204': 203, '205': 204, '206': 205, '207': 206, '208': 207, '209': 208, '210': 209, '211': 210, '212': 211, '213': 212, '214': 213, '215': 214, '216': 215, '217': 216, '218': 217, '219': 218, '220': 219, '221': 220, '222': 221, '223': 222, '224': 223, '225': 224, '226': 225, '227': 226, '228': 227, '229': 228, '230': 229, '231': 230, '232': 231, '233': 232, '234': 233, '235': 234, '236': 235, '237': 236, '238': 237, '239': 238, '240': 239, '241': 240, '242': 241, '243': 242, '244': 243, '245': 244, '246': 245, '247': 246, '248': 247, '249': 248, '250': 249, '251': 250, '252': 251, '253': 252, '254': 253, '255': 254, '256': 255, '257': 256, '258': 257, '259': 258, '260': 259, '261': 260, '262': 261, '263': 262, '264': 263, '265': 264, '266': 265, '267': 266, '268': 267, '269': 268, '270': 269, '271': 270, '272': 271, '273': 272, '274': 273, '275': 274, '276': 275, '277': 276, '278': 277, '279': 278, '280': 279, '281': 280, '282': 281, '283': 282, '284': 283, '285': 284, '286': 285, '287': 286, '288': 287, '289': 288, '290': 289, '291': 290, '292': 291, '293': 292, '294': 293, '295': 294, '296': 295, '297': 296, '298': 297, '299': 298, '300': 299}
  model='mb_attention_mil'
  model_kwargs=None
  loss='mm_survival_loss'
  use_lens=True
)
2025-06-17 14:19:31 [INFO] - Wrote annotations file to [green]/home/hippolyte/PRE/mil/annotations.csv
2025-06-17 14:19:31 [DEBUG] - Verifying slide annotations...
2025-06-17 14:19:31 [DEBUG] - Verifying tfrecords...
2025-06-17 14:19:31 [DEBUG] - Verifying slide annotations...
2025-06-17 14:19:31 [DEBUG] - Verifying tfrecords...
2025-06-17 14:19:31 [INFO] - Training FastAI MIL model with config:
2025-06-17 14:19:31 [INFO] - TrainerConfig(
  lr=0.01
  wd=1e-05
  bag_size=512
  max_val_bag_size=None
  fit_one_cycle=True
  epochs=2
  batch_size=4
  drop_last=True
  save_monitor='c_index'
  weighted_loss=True
  mixed_bags=True
  reconstruction_weight=None
  model='mb_attention_mil'
  model_kwargs=None
  loss='mm_survival_loss'
  use_lens=True
)
2025-06-17 14:24:18 [DEBUG] - Verifying slide annotations...
2025-06-17 14:24:18 [DEBUG] - Verifying tfrecords...
2025-06-17 14:24:18 [DEBUG] - Verifying slide annotations...
2025-06-17 14:24:18 [DEBUG] - Verifying tfrecords...
2025-06-17 14:46:03 [INFO] - Determining feature dimensions...
2025-06-17 14:46:03 [INFO] - Saved 300 slide feature files to tests/features/fake_mm_surv/tests/features/fake_mm_surv/bags
2025-06-17 14:46:03 [DEBUG] - Verifying slide annotations...
2025-06-17 14:46:03 [DEBUG] - Verifying tfrecords...
2025-06-17 14:46:03 [DEBUG] - Verifying slide annotations...
2025-06-17 14:46:03 [DEBUG] - Verifying tfrecords...
2025-06-17 14:46:03 [INFO] - Training FastAI MIL model with config:
2025-06-17 14:46:03 [INFO] - TrainerConfig(
  lr=0.01
  wd=1e-05
  bag_size=512
  max_val_bag_size=None
  fit_one_cycle=True
  epochs=2
  batch_size=4
  drop_last=True
  save_monitor='c_index'
  weighted_loss=True
  mixed_bags=True
  reconstruction_weight=None
  model='mb_attention_mil'
  model_kwargs=None
  loss='mm_survival_loss'
  use_lens=True
)
2025-06-17 14:46:03 [WARNING] - Bags missing for 60 slides.
2025-06-17 14:46:03 [DEBUG] - Interpreting column "os" as continuous
2025-06-17 14:46:03 [DEBUG] - Interpreting column "death" as continuous
2025-06-17 14:46:03 [DEBUG] - Interpreting column "os" as continuous
2025-06-17 14:46:03 [DEBUG] - Interpreting column "death" as continuous
2025-06-17 14:46:03 [WARNING] - Bags missing for 240 slides.
2025-06-17 14:46:03 [WARNING] - Bags missing for 60 slides.
2025-06-17 14:46:03 [INFO] - Training dataset: 0 merged bags (from 240 possible slides)
2025-06-17 14:46:03 [INFO] - Validation dataset: 0 merged bags (from 60 possible slides)
2025-06-17 14:46:03 [DEBUG] - Building FastAI learner
2025-06-17 14:51:03 [INFO] - Determining feature dimensions...
2025-06-17 14:51:03 [INFO] - Saved 300 slide feature files to tests/features/fake_mm_surv/tests/features/fake_mm_surv/bags
2025-06-17 14:51:03 [DEBUG] - Verifying slide annotations...
2025-06-17 14:51:03 [DEBUG] - Verifying tfrecords...
2025-06-17 14:51:03 [DEBUG] - Verifying slide annotations...
2025-06-17 14:51:03 [DEBUG] - Verifying tfrecords...
2025-06-17 14:51:03 [INFO] - Training FastAI MIL model with config:
2025-06-17 14:51:03 [INFO] - TrainerConfig(
  lr=0.01
  wd=1e-05
  bag_size=512
  max_val_bag_size=None
  fit_one_cycle=True
  epochs=2
  batch_size=4
  drop_last=True
  save_monitor='c_index'
  weighted_loss=True
  mixed_bags=True
  reconstruction_weight=None
  model='mb_attention_mil'
  model_kwargs=None
  loss='mm_survival_loss'
  use_lens=True
)
2025-06-17 14:51:03 [WARNING] - Bags missing for 60 slides.
2025-06-17 14:51:03 [DEBUG] - Interpreting column "os" as continuous
2025-06-17 14:51:03 [DEBUG] - Interpreting column "death" as continuous
2025-06-17 14:51:03 [DEBUG] - Interpreting column "os" as continuous
2025-06-17 14:51:03 [DEBUG] - Interpreting column "death" as continuous
2025-06-17 14:51:03 [WARNING] - Bags missing for 240 slides.
2025-06-17 14:51:03 [WARNING] - Bags missing for 60 slides.
2025-06-17 14:51:03 [INFO] - Training dataset: 0 merged bags (from 240 possible slides)
2025-06-17 14:51:03 [INFO] - Validation dataset: 0 merged bags (from 60 possible slides)
2025-06-17 14:51:03 [DEBUG] - Building FastAI learner
2025-06-17 14:53:14 [INFO] - Determining feature dimensions...
2025-06-17 14:53:14 [INFO] - Saved 300 slide feature files to tests/features/fake_mm_surv/tests/features/fake_mm_surv/bags
2025-06-17 14:53:14 [DEBUG] - Verifying slide annotations...
2025-06-17 14:53:14 [DEBUG] - Verifying tfrecords...
2025-06-17 14:53:14 [DEBUG] - Verifying slide annotations...
2025-06-17 14:53:14 [DEBUG] - Verifying tfrecords...
2025-06-17 14:53:14 [INFO] - Training FastAI MIL model with config:
2025-06-17 14:53:14 [INFO] - TrainerConfig(
  lr=0.01
  wd=1e-05
  bag_size=512
  max_val_bag_size=None
  fit_one_cycle=True
  epochs=2
  batch_size=4
  drop_last=True
  save_monitor='c_index'
  weighted_loss=True
  mixed_bags=True
  reconstruction_weight=None
  model='mb_attention_mil'
  model_kwargs=None
  loss='mm_survival_loss'
  use_lens=True
)
2025-06-17 14:53:14 [WARNING] - Bags missing for 60 slides.
2025-06-17 14:53:14 [DEBUG] - Interpreting column "os" as continuous
2025-06-17 14:53:14 [DEBUG] - Interpreting column "death" as continuous
2025-06-17 14:53:14 [DEBUG] - Interpreting column "os" as continuous
2025-06-17 14:53:14 [DEBUG] - Interpreting column "death" as continuous
2025-06-17 14:53:14 [WARNING] - Bags missing for 240 slides.
2025-06-17 14:53:14 [WARNING] - Bags missing for 60 slides.
2025-06-17 14:53:14 [INFO] - Training dataset: 0 merged bags (from 240 possible slides)
2025-06-17 14:53:14 [INFO] - Validation dataset: 0 merged bags (from 60 possible slides)
2025-06-17 14:53:14 [DEBUG] - Building FastAI learner
2025-06-17 14:56:28 [INFO] - Determining feature dimensions...
2025-06-17 14:56:28 [INFO] - Saved 300 slide feature files to tests/features/fake_mm_surv/features/fake_mm_surv/bags
2025-06-17 14:56:28 [DEBUG] - Verifying slide annotations...
2025-06-17 14:56:28 [WARNING] - Annotations not loaded.
2025-06-17 14:56:28 [DEBUG] - Verifying tfrecords...
2025-06-17 14:56:28 [DEBUG] - Verifying slide annotations...
2025-06-17 14:56:28 [WARNING] - Annotations not loaded.
2025-06-17 14:56:28 [DEBUG] - Verifying tfrecords...
2025-06-17 14:56:28 [INFO] - Training FastAI MIL model with config:
2025-06-17 14:56:28 [INFO] - TrainerConfig(
  lr=0.01
  wd=1e-05
  bag_size=512
  max_val_bag_size=None
  fit_one_cycle=True
  epochs=2
  batch_size=4
  drop_last=True
  save_monitor='c_index'
  weighted_loss=True
  mixed_bags=True
  reconstruction_weight=None
  model='mb_attention_mil'
  model_kwargs=None
  loss='mm_survival_loss'
  use_lens=True
)
2025-06-17 14:57:02 [INFO] - Determining feature dimensions...
2025-06-17 14:57:02 [INFO] - Saved 300 slide feature files to tests/features/fake_mm_surv/features/fake_mm_surv/bags
2025-06-17 14:57:02 [DEBUG] - Verifying slide annotations...
2025-06-17 14:57:02 [DEBUG] - Verifying tfrecords...
2025-06-17 14:57:02 [DEBUG] - Verifying slide annotations...
2025-06-17 14:57:02 [DEBUG] - Verifying tfrecords...
2025-06-17 14:57:02 [INFO] - Training FastAI MIL model with config:
2025-06-17 14:57:02 [INFO] - TrainerConfig(
  lr=0.01
  wd=1e-05
  bag_size=512
  max_val_bag_size=None
  fit_one_cycle=True
  epochs=2
  batch_size=4
  drop_last=True
  save_monitor='c_index'
  weighted_loss=True
  mixed_bags=True
  reconstruction_weight=None
  model='mb_attention_mil'
  model_kwargs=None
  loss='mm_survival_loss'
  use_lens=True
)
2025-06-17 14:57:03 [WARNING] - Bags missing for 60 slides.
2025-06-17 14:57:03 [DEBUG] - Interpreting column "os" as continuous
2025-06-17 14:57:03 [DEBUG] - Interpreting column "death" as continuous
2025-06-17 14:57:03 [DEBUG] - Interpreting column "os" as continuous
2025-06-17 14:57:03 [DEBUG] - Interpreting column "death" as continuous
2025-06-17 14:57:03 [WARNING] - Bags missing for 240 slides.
2025-06-17 14:57:03 [WARNING] - Bags missing for 60 slides.
2025-06-17 14:57:03 [INFO] - Training dataset: 0 merged bags (from 240 possible slides)
2025-06-17 14:57:03 [INFO] - Validation dataset: 0 merged bags (from 60 possible slides)
2025-06-17 14:57:03 [DEBUG] - Building FastAI learner
2025-06-17 15:03:37 [INFO] - Determining feature dimensions...
2025-06-17 15:03:38 [INFO] - Saved 300 slide feature files to tests/features/fake_mm_surv/tests/features/fake_mm_surv/bags
2025-06-17 15:03:38 [DEBUG] - Verifying slide annotations...
2025-06-17 15:03:38 [DEBUG] - Verifying tfrecords...
2025-06-17 15:03:38 [DEBUG] - Verifying slide annotations...
2025-06-17 15:03:38 [DEBUG] - Verifying tfrecords...
2025-06-17 15:03:38 [INFO] - Training FastAI MIL model with config:
2025-06-17 15:03:38 [INFO] - TrainerConfig(
  lr=0.01
  wd=1e-05
  bag_size=512
  max_val_bag_size=None
  fit_one_cycle=True
  epochs=2
  batch_size=4
  drop_last=True
  save_monitor='c_index'
  weighted_loss=True
  mixed_bags=True
  reconstruction_weight=None
  model='mb_attention_mil'
  model_kwargs=None
  loss='mm_survival_loss'
  use_lens=True
)
2025-06-17 15:03:39 [WARNING] - Bags missing for 60 slides.
2025-06-17 15:03:39 [DEBUG] - Interpreting column "os" as continuous
2025-06-17 15:03:39 [DEBUG] - Interpreting column "death" as continuous
2025-06-17 15:03:39 [DEBUG] - Interpreting column "os" as continuous
2025-06-17 15:03:39 [DEBUG] - Interpreting column "death" as continuous
2025-06-17 15:03:39 [WARNING] - Bags missing for 240 slides.
2025-06-17 15:03:39 [WARNING] - Bags missing for 60 slides.
2025-06-17 15:03:39 [INFO] - Training dataset: 0 merged bags (from 240 possible slides)
2025-06-17 15:03:39 [INFO] - Validation dataset: 0 merged bags (from 60 possible slides)
2025-06-17 15:03:39 [DEBUG] - Building FastAI learner
2025-06-17 15:06:26 [INFO] - Determining feature dimensions...
2025-06-17 15:06:27 [INFO] - Saved 300 slide feature files to tests/features/fake_mm_surv/tests/features/fake_mm_surv/bags
2025-06-17 15:09:01 [INFO] - Determining feature dimensions...
2025-06-17 15:09:01 [INFO] - Saved 300 slide feature files to tests/features/fake_mm_surv/bags
2025-06-17 15:10:46 [INFO] - Determining feature dimensions...
2025-06-17 15:10:47 [INFO] - Saved 300 slide feature files to tests/features/fake_mm_surv/bags
2025-06-17 15:10:47 [DEBUG] - Verifying slide annotations...
2025-06-17 15:10:47 [DEBUG] - Verifying tfrecords...
2025-06-17 15:10:47 [DEBUG] - Verifying slide annotations...
2025-06-17 15:10:47 [DEBUG] - Verifying tfrecords...
2025-06-17 15:10:47 [INFO] - Training FastAI MIL model with config:
2025-06-17 15:10:47 [INFO] - TrainerConfig(
  lr=0.01
  wd=1e-05
  bag_size=512
  max_val_bag_size=None
  fit_one_cycle=True
  epochs=2
  batch_size=4
  drop_last=True
  save_monitor='c_index'
  weighted_loss=True
  mixed_bags=True
  reconstruction_weight=None
  model='mb_attention_mil'
  model_kwargs=None
  loss='mm_survival_loss'
  use_lens=True
)
2025-06-17 15:10:47 [DEBUG] - Interpreting column "os" as continuous
2025-06-17 15:10:47 [DEBUG] - Interpreting column "death" as continuous
2025-06-17 15:10:47 [DEBUG] - Interpreting column "os" as continuous
2025-06-17 15:10:47 [DEBUG] - Interpreting column "death" as continuous
2025-06-17 15:10:47 [INFO] - Training dataset: 240 merged bags (from 240 possible slides)
2025-06-17 15:10:47 [INFO] - Validation dataset: 60 merged bags (from 60 possible slides)
2025-06-17 15:10:47 [DEBUG] - Building FastAI learner
2025-06-17 15:10:47 [INFO] - Building model [bold]MultiModal_Mixed_Attention_MIL[/] (n_in=[1, 2, 3], n_out=1)
2025-06-17 15:10:52 [DEBUG] - Interpreting column "os" as continuous
2025-06-17 15:10:52 [DEBUG] - Interpreting column "death" as continuous
2025-06-17 15:10:52 [DEBUG] - Interpreting column "os" as continuous
2025-06-17 15:10:52 [DEBUG] - Interpreting column "death" as continuous
2025-06-17 15:10:52 [INFO] - Predictions saved to [green]/home/hippolyte/PRE/mil/mil/00008-fake_mm-mb_attention_mil/predictions.parquet[/]
2025-06-17 15:10:52 [INFO] - C-index (slide-level): 0.943
2025-06-17 15:10:52 [INFO] - Attention scores exported to [green]/home/hippolyte/PRE/mil/mil/00008-fake_mm-mb_attention_mil/attention/15_att.npz[/]
2025-06-18 14:49:22 [DEBUG] - Verifying slide annotations...
2025-06-18 14:49:22 [DEBUG] - Verifying tfrecords...
2025-06-18 14:49:22 [DEBUG] - Verifying slide annotations...
2025-06-18 14:49:22 [DEBUG] - Verifying tfrecords...
2025-06-18 14:49:22 [INFO] - Training FastAI MIL model with config:
2025-06-18 14:49:22 [INFO] - TrainerConfig(
  lr=0.01
  wd=1e-05
  bag_size=512
  max_val_bag_size=None
  fit_one_cycle=True
  epochs=2
  batch_size=4
  drop_last=True
  save_monitor='c_index'
  weighted_loss=True
  mixed_bags=True
  reconstruction_weight=None
  model='mb_attention_mil'
  model_kwargs=None
  loss='mm_survival_loss'
  use_lens=True
)
2025-06-18 14:49:23 [DEBUG] - Interpreting column "os" as continuous
2025-06-18 14:49:23 [DEBUG] - Interpreting column "death" as continuous
2025-06-18 14:49:23 [DEBUG] - Interpreting column "os" as continuous
2025-06-18 14:49:23 [DEBUG] - Interpreting column "death" as continuous
2025-06-18 14:49:23 [INFO] - Training dataset: 240 merged bags (from 240 possible slides)
2025-06-18 14:49:23 [INFO] - Validation dataset: 60 merged bags (from 60 possible slides)
2025-06-18 14:49:23 [DEBUG] - Building FastAI learner
2025-06-18 14:49:23 [INFO] - Building model [bold]MultiModal_Mixed_Attention_MIL[/] (n_in=[1, 2, 3], n_out=1)
2025-06-18 14:49:27 [DEBUG] - Interpreting column "os" as continuous
2025-06-18 14:49:27 [DEBUG] - Interpreting column "death" as continuous
2025-06-18 14:49:27 [DEBUG] - Interpreting column "os" as continuous
2025-06-18 14:49:27 [DEBUG] - Interpreting column "death" as continuous
2025-06-18 14:49:27 [INFO] - Predictions saved to [green]/home/hippolyte/PRE/mil/mil/00009-fake_mm-mb_attention_mil/predictions.parquet[/]
2025-06-18 14:49:27 [INFO] - C-index (slide-level): 0.932
2025-06-18 14:49:27 [INFO] - Attention scores exported to [green]/home/hippolyte/PRE/mil/mil/00009-fake_mm-mb_attention_mil/attention/15_att.npz[/]
2025-06-18 14:52:08 [INFO] - Determining feature dimensions...
2025-06-18 14:52:09 [INFO] - Saved 300 slide feature files to tests/features/fake_mm_surv/bags
2025-06-18 14:52:09 [DEBUG] - Verifying slide annotations...
2025-06-18 14:52:09 [DEBUG] - Verifying tfrecords...
2025-06-18 14:52:09 [DEBUG] - Verifying slide annotations...
2025-06-18 14:52:09 [DEBUG] - Verifying tfrecords...
2025-06-18 14:52:09 [INFO] - Training FastAI MIL model with config:
2025-06-18 14:52:09 [INFO] - TrainerConfig(
  lr=0.01
  wd=1e-05
  bag_size=512
  max_val_bag_size=None
  fit_one_cycle=True
  epochs=2
  batch_size=4
  drop_last=True
  save_monitor='c_index'
  weighted_loss=True
  mixed_bags=True
  reconstruction_weight=None
  model='mb_attention_mil'
  model_kwargs=None
  loss='mm_survival_loss'
  use_lens=True
)
2025-06-18 14:52:09 [DEBUG] - Interpreting column "os" as continuous
2025-06-18 14:52:09 [DEBUG] - Interpreting column "death" as continuous
2025-06-18 14:52:09 [DEBUG] - Interpreting column "os" as continuous
2025-06-18 14:52:09 [DEBUG] - Interpreting column "death" as continuous
2025-06-18 14:52:09 [INFO] - Training dataset: 240 merged bags (from 240 possible slides)
2025-06-18 14:52:09 [INFO] - Validation dataset: 60 merged bags (from 60 possible slides)
2025-06-18 14:52:09 [DEBUG] - Building FastAI learner
2025-06-18 14:52:09 [INFO] - Building model [bold]MultiModal_Mixed_Attention_MIL[/] (n_in=[1, 2, 3], n_out=1)
2025-06-18 14:52:12 [DEBUG] - Interpreting column "os" as continuous
2025-06-18 14:52:12 [DEBUG] - Interpreting column "death" as continuous
2025-06-18 14:52:12 [DEBUG] - Interpreting column "os" as continuous
2025-06-18 14:52:12 [DEBUG] - Interpreting column "death" as continuous
2025-06-18 14:52:13 [INFO] - Predictions saved to [green]/home/hippolyte/PRE/mil/mil/00000-fake_mm-mb_attention_mil/predictions.parquet[/]
2025-06-18 14:52:13 [INFO] - C-index (slide-level): 0.935
2025-06-18 14:52:13 [INFO] - Attention scores exported to [green]/home/hippolyte/PRE/mil/mil/00000-fake_mm-mb_attention_mil/attention/15_att.npz[/]
2025-06-18 14:58:17 [INFO] - Determining feature dimensions...
2025-06-18 14:58:17 [INFO] - Saved 300 slide feature files to tests/features/fake_mm_surv/bags
2025-06-18 14:58:17 [DEBUG] - Verifying slide annotations...
2025-06-18 14:58:17 [DEBUG] - Verifying tfrecords...
2025-06-18 14:58:17 [DEBUG] - Verifying slide annotations...
2025-06-18 14:58:17 [DEBUG] - Verifying tfrecords...
2025-06-18 14:58:17 [INFO] - Training FastAI MIL model with config:
2025-06-18 14:58:17 [INFO] - TrainerConfig(
  lr=0.01
  wd=1e-05
  bag_size=512
  max_val_bag_size=None
  fit_one_cycle=True
  epochs=2
  batch_size=4
  drop_last=True
  save_monitor='c_index'
  weighted_loss=True
  mixed_bags=True
  reconstruction_weight=None
  model='mb_attention_mil'
  model_kwargs=None
  loss='mm_survival_loss'
  use_lens=True
)
2025-06-18 14:58:18 [DEBUG] - Interpreting column "os" as continuous
2025-06-18 14:58:18 [DEBUG] - Interpreting column "death" as continuous
2025-06-18 14:58:18 [DEBUG] - Interpreting column "os" as continuous
2025-06-18 14:58:18 [DEBUG] - Interpreting column "death" as continuous
2025-06-18 14:58:18 [INFO] - Training dataset: 240 merged bags (from 240 possible slides)
2025-06-18 14:58:18 [INFO] - Validation dataset: 60 merged bags (from 60 possible slides)
2025-06-18 14:58:18 [DEBUG] - Building FastAI learner
2025-06-18 14:58:18 [INFO] - Building model [bold]MultiModal_Mixed_Attention_MIL[/] (n_in=[1, 2, 3], n_out=1)
2025-06-18 14:58:22 [DEBUG] - Interpreting column "os" as continuous
2025-06-18 14:58:22 [DEBUG] - Interpreting column "death" as continuous
2025-06-18 14:58:22 [DEBUG] - Interpreting column "os" as continuous
2025-06-18 14:58:22 [DEBUG] - Interpreting column "death" as continuous
2025-06-18 14:58:23 [INFO] - Predictions saved to [green]/home/hippolyte/PRE/mil/mil/00001-fake_mm-mb_attention_mil/predictions.parquet[/]
2025-06-18 14:58:23 [INFO] - C-index (slide-level): 0.934
2025-06-18 14:58:23 [INFO] - Attention scores exported to [green]/home/hippolyte/PRE/mil/mil/00001-fake_mm-mb_attention_mil/attention/15_att.npz[/]
2025-06-18 15:04:01 [INFO] - Determining feature dimensions...
2025-06-18 15:04:01 [INFO] - Saved 300 slide feature files to tests/features/fake_mm_surv/bags
2025-06-18 15:04:01 [DEBUG] - Verifying slide annotations...
2025-06-18 15:04:01 [DEBUG] - Verifying tfrecords...
2025-06-18 15:04:01 [DEBUG] - Verifying slide annotations...
2025-06-18 15:04:01 [DEBUG] - Verifying tfrecords...
2025-06-18 15:04:01 [INFO] - Training FastAI MIL model with config:
2025-06-18 15:04:01 [INFO] - TrainerConfig(
  lr=0.01
  wd=1e-05
  bag_size=512
  max_val_bag_size=None
  fit_one_cycle=True
  epochs=2
  batch_size=4
  drop_last=True
  save_monitor='c_index'
  weighted_loss=True
  mixed_bags=True
  reconstruction_weight=None
  model='mb_attention_mil'
  model_kwargs=None
  loss='mm_survival_loss'
  use_lens=True
)
2025-06-18 15:04:02 [DEBUG] - Interpreting column "os" as continuous
2025-06-18 15:04:02 [DEBUG] - Interpreting column "death" as continuous
2025-06-18 15:04:02 [DEBUG] - Interpreting column "os" as continuous
2025-06-18 15:04:02 [DEBUG] - Interpreting column "death" as continuous
2025-06-18 15:04:02 [INFO] - Training dataset: 240 merged bags (from 240 possible slides)
2025-06-18 15:04:02 [INFO] - Validation dataset: 60 merged bags (from 60 possible slides)
2025-06-18 15:04:02 [DEBUG] - Building FastAI learner
2025-06-18 15:04:02 [INFO] - Building model [bold]MultiModal_Mixed_Attention_MIL[/] (n_in=[1, 2, 3], n_out=1)
2025-06-18 15:04:06 [DEBUG] - Interpreting column "os" as continuous
2025-06-18 15:04:06 [DEBUG] - Interpreting column "death" as continuous
2025-06-18 15:04:06 [DEBUG] - Interpreting column "os" as continuous
2025-06-18 15:04:06 [DEBUG] - Interpreting column "death" as continuous
2025-06-18 15:04:06 [INFO] - Predictions saved to [green]/home/hippolyte/PRE/mil/mil/00002-fake_mm-mb_attention_mil/predictions.parquet[/]
2025-06-18 15:04:06 [INFO] - C-index (slide-level): 0.938
2025-06-18 15:04:06 [INFO] - Attention scores exported to [green]/home/hippolyte/PRE/mil/mil/00002-fake_mm-mb_attention_mil/attention/15_att.npz[/]
2025-06-18 16:56:14 [INFO] - Determining feature dimensions...
2025-06-18 16:56:14 [INFO] - Saved 300 slide feature files to tests/features/fake_mm_surv/bags
